{"text": "2023-12-30 04:35:16 | INFO    | __main__:stash:131 | run - {'image': '20231121', 'version': '0.10.1.post2', 'role': 'EpicPlayer', 'headless': True}\n", "record": {"elapsed": {"repr": "0:00:01.168109", "seconds": 1.168109}, "exception": null, "extra": {"image": "20231121", "version": "0.10.1.post2", "role": "EpicPlayer", "headless": true}, "file": {"name": "claim.py", "path": "/home/runner/work/epic/epic/epic/src/claim.py"}, "function": "stash", "level": {"icon": "‚ÑπÔ∏è", "name": "INFO", "no": 20}, "line": 131, "message": "run", "module": "claim", "name": "__main__", "process": {"id": 3593, "name": "MainProcess"}, "thread": {"id": 140254277299072, "name": "MainThread"}, "time": {"repr": "2023-12-30 04:35:16.205488+08:00", "timestamp": 1703882116.205488}}}
{"text": "2023-12-30 04:35:21 | DEBUG    | __main__:create_tasks:66 | Put task - {'title': 'Snakebird Complete', 'url': 'https://store.epicgames.com/en-US/p/snakebird-complete-e6f0ae'}\n", "record": {"elapsed": {"repr": "0:00:06.280373", "seconds": 6.280373}, "exception": null, "extra": {"title": "Snakebird Complete", "url": "https://store.epicgames.com/en-US/p/snakebird-complete-e6f0ae"}, "file": {"name": "claim.py", "path": "/home/runner/work/epic/epic/epic/src/claim.py"}, "function": "create_tasks", "level": {"icon": "üêû", "name": "DEBUG", "no": 10}, "line": 66, "message": "Put task", "module": "claim", "name": "__main__", "process": {"id": 3593, "name": "MainProcess"}, "thread": {"id": 140254277299072, "name": "MainThread"}, "time": {"repr": "2023-12-30 04:35:21.317752+08:00", "timestamp": 1703882121.317752}}}
{"text": "2023-12-30 04:35:26 | INFO    | epic_games.agent:claim_weekly_games:294 | claim_weekly_games - {'action': 'go to store', 'url': 'https://store.epicgames.com/en-US/p/snakebird-complete-e6f0ae'}\n", "record": {"elapsed": {"repr": "0:00:11.068715", "seconds": 11.068715}, "exception": null, "extra": {"action": "go to store", "url": "https://store.epicgames.com/en-US/p/snakebird-complete-e6f0ae"}, "file": {"name": "agent.py", "path": "/home/runner/work/epic/epic/epic/src/epic_games/agent.py"}, "function": "claim_weekly_games", "level": {"icon": "‚ÑπÔ∏è", "name": "INFO", "no": 20}, "line": 294, "message": "claim_weekly_games", "module": "agent", "name": "epic_games.agent", "process": {"id": 3593, "name": "MainProcess"}, "thread": {"id": 140254277299072, "name": "MainThread"}, "time": {"repr": "2023-12-30 04:35:26.106094+08:00", "timestamp": 1703882126.106094}}}
{"text": "2023-12-30 04:35:37 | INFO    | epic_games.agent:claim_weekly_games:326 | claim_weekly_games - {'action': 'move to webPurchaseContainer iframe'}\n", "record": {"elapsed": {"repr": "0:00:22.276520", "seconds": 22.27652}, "exception": null, "extra": {"action": "move to webPurchaseContainer iframe"}, "file": {"name": "agent.py", "path": "/home/runner/work/epic/epic/epic/src/epic_games/agent.py"}, "function": "claim_weekly_games", "level": {"icon": "‚ÑπÔ∏è", "name": "INFO", "no": 20}, "line": 326, "message": "claim_weekly_games", "module": "agent", "name": "epic_games.agent", "process": {"id": 3593, "name": "MainProcess"}, "thread": {"id": 140254277299072, "name": "MainThread"}, "time": {"repr": "2023-12-30 04:35:37.313899+08:00", "timestamp": 1703882137.313899}}}
{"text": "2023-12-30 04:35:39 | INFO    | epic_games.agent:claim_weekly_games:328 | claim_weekly_games - {'action': 'click payment button'}\n", "record": {"elapsed": {"repr": "0:00:24.666306", "seconds": 24.666306}, "exception": null, "extra": {"action": "click payment button"}, "file": {"name": "agent.py", "path": "/home/runner/work/epic/epic/epic/src/epic_games/agent.py"}, "function": "claim_weekly_games", "level": {"icon": "‚ÑπÔ∏è", "name": "INFO", "no": 20}, "line": 328, "message": "claim_weekly_games", "module": "agent", "name": "epic_games.agent", "process": {"id": 3593, "name": "MainProcess"}, "thread": {"id": 140254277299072, "name": "MainThread"}, "time": {"repr": "2023-12-30 04:35:39.703685+08:00", "timestamp": 1703882139.703685}}}
{"text": "2023-12-30 04:35:44 | DEBUG    | hcaptcha_challenger.agents.playwright.control:_parse_label:241 | get task - {'prompt': 'Please click on –∞ll images of the heaviest anim–∞l species'}\n", "record": {"elapsed": {"repr": "0:00:29.668582", "seconds": 29.668582}, "exception": null, "extra": {"prompt": "Please click on –∞ll images of the heaviest anim–∞l species"}, "file": {"name": "control.py", "path": "/opt/hostedtoolcache/Python/3.10.13/x64/lib/python3.10/site-packages/hcaptcha_challenger/agents/playwright/control.py"}, "function": "_parse_label", "level": {"icon": "üêû", "name": "DEBUG", "no": 10}, "line": 241, "message": "get task", "module": "control", "name": "hcaptcha_challenger.agents.playwright.control", "process": {"id": 3593, "name": "MainProcess"}, "thread": {"id": 140254277299072, "name": "MainThread"}, "time": {"repr": "2023-12-30 04:35:44.705961+08:00", "timestamp": 1703882144.705961}}}
{"text": "2023-12-30 04:35:45 | DEBUG    | hcaptcha_challenger.agents.playwright.control:_catch_all_binary_challenge:474 | handle task - {'unsupervised': 'binary', 'candidate_labels': ['This is a picture that looks like please click on all images of the heaviest animal species.', \"This is a picture that don't look like please click on all images of the heaviest animal species.\"], 'prompt': 'Please click on –∞ll images of the heaviest anim–∞l species', 'timit': '0.928s'}\n", "record": {"elapsed": {"repr": "0:00:30.786901", "seconds": 30.786901}, "exception": null, "extra": {"unsupervised": "binary", "candidate_labels": ["This is a picture that looks like please click on all images of the heaviest animal species.", "This is a picture that don't look like please click on all images of the heaviest animal species."], "prompt": "Please click on –∞ll images of the heaviest anim–∞l species", "timit": "0.928s"}, "file": {"name": "control.py", "path": "/opt/hostedtoolcache/Python/3.10.13/x64/lib/python3.10/site-packages/hcaptcha_challenger/agents/playwright/control.py"}, "function": "_catch_all_binary_challenge", "level": {"icon": "üêû", "name": "DEBUG", "no": 10}, "line": 474, "message": "handle task", "module": "control", "name": "hcaptcha_challenger.agents.playwright.control", "process": {"id": 3593, "name": "MainProcess"}, "thread": {"id": 140254277299072, "name": "MainThread"}, "time": {"repr": "2023-12-30 04:35:45.824280+08:00", "timestamp": 1703882145.82428}}}
{"text": "2023-12-30 04:35:57 | DEBUG    | epic_games.agent:insert_challenge:106 | task done - {'sattus': 'success'}\n", "record": {"elapsed": {"repr": "0:00:42.212749", "seconds": 42.212749}, "exception": null, "extra": {"sattus": "success"}, "file": {"name": "agent.py", "path": "/home/runner/work/epic/epic/epic/src/epic_games/agent.py"}, "function": "insert_challenge", "level": {"icon": "üêû", "name": "DEBUG", "no": 10}, "line": 106, "message": "task done", "module": "agent", "name": "epic_games.agent", "process": {"id": 3593, "name": "MainProcess"}, "thread": {"id": 140254277299072, "name": "MainThread"}, "time": {"repr": "2023-12-30 04:35:57.250128+08:00", "timestamp": 1703882157.250128}}}
{"text": "2023-12-30 04:36:29 | INFO    | epic_games.agent:claim_weekly_games:294 | claim_weekly_games - {'action': 'go to store', 'url': 'https://store.epicgames.com/en-US/p/snakebird-complete-e6f0ae'}\n", "record": {"elapsed": {"repr": "0:01:14.374359", "seconds": 74.374359}, "exception": null, "extra": {"action": "go to store", "url": "https://store.epicgames.com/en-US/p/snakebird-complete-e6f0ae"}, "file": {"name": "agent.py", "path": "/home/runner/work/epic/epic/epic/src/epic_games/agent.py"}, "function": "claim_weekly_games", "level": {"icon": "‚ÑπÔ∏è", "name": "INFO", "no": 20}, "line": 294, "message": "claim_weekly_games", "module": "agent", "name": "epic_games.agent", "process": {"id": 3593, "name": "MainProcess"}, "thread": {"id": 140254277299072, "name": "MainThread"}, "time": {"repr": "2023-12-30 04:36:29.411738+08:00", "timestamp": 1703882189.411738}}}
{"text": "2023-12-30 04:36:37 | INFO    | epic_games.agent:claim_weekly_games:326 | claim_weekly_games - {'action': 'move to webPurchaseContainer iframe'}\n", "record": {"elapsed": {"repr": "0:01:22.609853", "seconds": 82.609853}, "exception": null, "extra": {"action": "move to webPurchaseContainer iframe"}, "file": {"name": "agent.py", "path": "/home/runner/work/epic/epic/epic/src/epic_games/agent.py"}, "function": "claim_weekly_games", "level": {"icon": "‚ÑπÔ∏è", "name": "INFO", "no": 20}, "line": 326, "message": "claim_weekly_games", "module": "agent", "name": "epic_games.agent", "process": {"id": 3593, "name": "MainProcess"}, "thread": {"id": 140254277299072, "name": "MainThread"}, "time": {"repr": "2023-12-30 04:36:37.647232+08:00", "timestamp": 1703882197.647232}}}
{"text": "2023-12-30 04:36:40 | INFO    | epic_games.agent:claim_weekly_games:328 | claim_weekly_games - {'action': 'click payment button'}\n", "record": {"elapsed": {"repr": "0:01:24.993269", "seconds": 84.993269}, "exception": null, "extra": {"action": "click payment button"}, "file": {"name": "agent.py", "path": "/home/runner/work/epic/epic/epic/src/epic_games/agent.py"}, "function": "claim_weekly_games", "level": {"icon": "‚ÑπÔ∏è", "name": "INFO", "no": 20}, "line": 328, "message": "claim_weekly_games", "module": "agent", "name": "epic_games.agent", "process": {"id": 3593, "name": "MainProcess"}, "thread": {"id": 140254277299072, "name": "MainThread"}, "time": {"repr": "2023-12-30 04:36:40.030648+08:00", "timestamp": 1703882200.030648}}}
{"text": "2023-12-30 04:36:45 | DEBUG    | hcaptcha_challenger.agents.playwright.control:_parse_label:241 | get task - {'prompt': 'Please click on all images of the heaviest animal spec—ñes'}\n", "record": {"elapsed": {"repr": "0:01:29.995799", "seconds": 89.995799}, "exception": null, "extra": {"prompt": "Please click on all images of the heaviest animal spec—ñes"}, "file": {"name": "control.py", "path": "/opt/hostedtoolcache/Python/3.10.13/x64/lib/python3.10/site-packages/hcaptcha_challenger/agents/playwright/control.py"}, "function": "_parse_label", "level": {"icon": "üêû", "name": "DEBUG", "no": 10}, "line": 241, "message": "get task", "module": "control", "name": "hcaptcha_challenger.agents.playwright.control", "process": {"id": 3593, "name": "MainProcess"}, "thread": {"id": 140254277299072, "name": "MainThread"}, "time": {"repr": "2023-12-30 04:36:45.033178+08:00", "timestamp": 1703882205.033178}}}
{"text": "2023-12-30 04:36:45 | DEBUG    | hcaptcha_challenger.agents.playwright.control:_catch_all_binary_challenge:474 | handle task - {'unsupervised': 'binary', 'candidate_labels': ['This is a picture that looks like please click on all images of the heaviest animal species.', \"This is a picture that don't look like please click on all images of the heaviest animal species.\"], 'prompt': 'Please click on all images of the heaviest animal spec—ñes', 'timit': '0.771s'}\n", "record": {"elapsed": {"repr": "0:01:30.923836", "seconds": 90.923836}, "exception": null, "extra": {"unsupervised": "binary", "candidate_labels": ["This is a picture that looks like please click on all images of the heaviest animal species.", "This is a picture that don't look like please click on all images of the heaviest animal species."], "prompt": "Please click on all images of the heaviest animal spec—ñes", "timit": "0.771s"}, "file": {"name": "control.py", "path": "/opt/hostedtoolcache/Python/3.10.13/x64/lib/python3.10/site-packages/hcaptcha_challenger/agents/playwright/control.py"}, "function": "_catch_all_binary_challenge", "level": {"icon": "üêû", "name": "DEBUG", "no": 10}, "line": 474, "message": "handle task", "module": "control", "name": "hcaptcha_challenger.agents.playwright.control", "process": {"id": 3593, "name": "MainProcess"}, "thread": {"id": 140254277299072, "name": "MainThread"}, "time": {"repr": "2023-12-30 04:36:45.961215+08:00", "timestamp": 1703882205.961215}}}
{"text": "2023-12-30 04:36:57 | DEBUG    | epic_games.agent:insert_challenge:106 | task done - {'sattus': 'success'}\n", "record": {"elapsed": {"repr": "0:01:41.981407", "seconds": 101.981407}, "exception": null, "extra": {"sattus": "success"}, "file": {"name": "agent.py", "path": "/home/runner/work/epic/epic/epic/src/epic_games/agent.py"}, "function": "insert_challenge", "level": {"icon": "üêû", "name": "DEBUG", "no": 10}, "line": 106, "message": "task done", "module": "agent", "name": "epic_games.agent", "process": {"id": 3593, "name": "MainProcess"}, "thread": {"id": 140254277299072, "name": "MainThread"}, "time": {"repr": "2023-12-30 04:36:57.018786+08:00", "timestamp": 1703882217.018786}}}
{"text": "2023-12-30 04:37:29 | INFO    | epic_games.agent:claim_weekly_games:294 | claim_weekly_games - {'action': 'go to store', 'url': 'https://store.epicgames.com/en-US/p/snakebird-complete-e6f0ae'}\n", "record": {"elapsed": {"repr": "0:02:14.144376", "seconds": 134.144376}, "exception": null, "extra": {"action": "go to store", "url": "https://store.epicgames.com/en-US/p/snakebird-complete-e6f0ae"}, "file": {"name": "agent.py", "path": "/home/runner/work/epic/epic/epic/src/epic_games/agent.py"}, "function": "claim_weekly_games", "level": {"icon": "‚ÑπÔ∏è", "name": "INFO", "no": 20}, "line": 294, "message": "claim_weekly_games", "module": "agent", "name": "epic_games.agent", "process": {"id": 3593, "name": "MainProcess"}, "thread": {"id": 140254277299072, "name": "MainThread"}, "time": {"repr": "2023-12-30 04:37:29.181755+08:00", "timestamp": 1703882249.181755}}}
{"text": "2023-12-30 04:37:37 | INFO    | epic_games.agent:claim_weekly_games:326 | claim_weekly_games - {'action': 'move to webPurchaseContainer iframe'}\n", "record": {"elapsed": {"repr": "0:02:22.441064", "seconds": 142.441064}, "exception": null, "extra": {"action": "move to webPurchaseContainer iframe"}, "file": {"name": "agent.py", "path": "/home/runner/work/epic/epic/epic/src/epic_games/agent.py"}, "function": "claim_weekly_games", "level": {"icon": "‚ÑπÔ∏è", "name": "INFO", "no": 20}, "line": 326, "message": "claim_weekly_games", "module": "agent", "name": "epic_games.agent", "process": {"id": 3593, "name": "MainProcess"}, "thread": {"id": 140254277299072, "name": "MainThread"}, "time": {"repr": "2023-12-30 04:37:37.478443+08:00", "timestamp": 1703882257.478443}}}
{"text": "2023-12-30 04:37:39 | INFO    | epic_games.agent:claim_weekly_games:328 | claim_weekly_games - {'action': 'click payment button'}\n", "record": {"elapsed": {"repr": "0:02:24.819381", "seconds": 144.819381}, "exception": null, "extra": {"action": "click payment button"}, "file": {"name": "agent.py", "path": "/home/runner/work/epic/epic/epic/src/epic_games/agent.py"}, "function": "claim_weekly_games", "level": {"icon": "‚ÑπÔ∏è", "name": "INFO", "no": 20}, "line": 328, "message": "claim_weekly_games", "module": "agent", "name": "epic_games.agent", "process": {"id": 3593, "name": "MainProcess"}, "thread": {"id": 140254277299072, "name": "MainThread"}, "time": {"repr": "2023-12-30 04:37:39.856760+08:00", "timestamp": 1703882259.85676}}}
{"text": "2023-12-30 04:37:44 | DEBUG    | hcaptcha_challenger.agents.playwright.control:_parse_label:241 | get task - {'prompt': 'Please click on all images of the heaviest animal species'}\n", "record": {"elapsed": {"repr": "0:02:29.821525", "seconds": 149.821525}, "exception": null, "extra": {"prompt": "Please click on all images of the heaviest animal species"}, "file": {"name": "control.py", "path": "/opt/hostedtoolcache/Python/3.10.13/x64/lib/python3.10/site-packages/hcaptcha_challenger/agents/playwright/control.py"}, "function": "_parse_label", "level": {"icon": "üêû", "name": "DEBUG", "no": 10}, "line": 241, "message": "get task", "module": "control", "name": "hcaptcha_challenger.agents.playwright.control", "process": {"id": 3593, "name": "MainProcess"}, "thread": {"id": 140254277299072, "name": "MainThread"}, "time": {"repr": "2023-12-30 04:37:44.858904+08:00", "timestamp": 1703882264.858904}}}
{"text": "2023-12-30 04:37:45 | DEBUG    | hcaptcha_challenger.agents.playwright.control:_catch_all_binary_challenge:474 | handle task - {'unsupervised': 'binary', 'candidate_labels': ['This is a picture that looks like please click on all images of the heaviest animal species.', \"This is a picture that don't look like please click on all images of the heaviest animal species.\"], 'prompt': 'Please click on all images of the heaviest animal species', 'timit': '0.723s'}\n", "record": {"elapsed": {"repr": "0:02:30.691290", "seconds": 150.69129}, "exception": null, "extra": {"unsupervised": "binary", "candidate_labels": ["This is a picture that looks like please click on all images of the heaviest animal species.", "This is a picture that don't look like please click on all images of the heaviest animal species."], "prompt": "Please click on all images of the heaviest animal species", "timit": "0.723s"}, "file": {"name": "control.py", "path": "/opt/hostedtoolcache/Python/3.10.13/x64/lib/python3.10/site-packages/hcaptcha_challenger/agents/playwright/control.py"}, "function": "_catch_all_binary_challenge", "level": {"icon": "üêû", "name": "DEBUG", "no": 10}, "line": 474, "message": "handle task", "module": "control", "name": "hcaptcha_challenger.agents.playwright.control", "process": {"id": 3593, "name": "MainProcess"}, "thread": {"id": 140254277299072, "name": "MainThread"}, "time": {"repr": "2023-12-30 04:37:45.728669+08:00", "timestamp": 1703882265.728669}}}
{"text": "2023-12-30 04:37:56 | DEBUG    | epic_games.agent:insert_challenge:106 | task done - {'sattus': 'success'}\n", "record": {"elapsed": {"repr": "0:02:41.959814", "seconds": 161.959814}, "exception": null, "extra": {"sattus": "success"}, "file": {"name": "agent.py", "path": "/home/runner/work/epic/epic/epic/src/epic_games/agent.py"}, "function": "insert_challenge", "level": {"icon": "üêû", "name": "DEBUG", "no": 10}, "line": 106, "message": "task done", "module": "agent", "name": "epic_games.agent", "process": {"id": 3593, "name": "MainProcess"}, "thread": {"id": 140254277299072, "name": "MainThread"}, "time": {"repr": "2023-12-30 04:37:56.997193+08:00", "timestamp": 1703882276.997193}}}
{"text": "2023-12-30 04:38:28 | ERROR    | __main__:run:158 | An error has been caught in function 'run', process 'MainProcess' (3593), thread 'MainThread' (140254277299072): - {}\nTraceback (most recent call last):\n  File \"/home/runner/work/epic/epic/epic/src/claim.py\", line 151, in stash\n    await self.claim_epic_games(context)\n  File \"/home/runner/work/epic/epic/epic/src/claim.py\", line 122, in claim_epic_games\n    await epic.claim_weekly_games(page, single_promotions)\n  File \"/opt/hostedtoolcache/Python/3.10.13/x64/lib/python3.10/site-packages/tenacity/_asyncio.py\", line 88, in async_wrapped\n    return await fn(*args, **kwargs)\n  File \"/opt/hostedtoolcache/Python/3.10.13/x64/lib/python3.10/site-packages/tenacity/_asyncio.py\", line 47, in __call__\n    do = self.iter(retry_state=retry_state)\n  File \"/opt/hostedtoolcache/Python/3.10.13/x64/lib/python3.10/site-packages/tenacity/__init__.py\", line 325, in iter\n    raise retry_exc.reraise()\n  File \"/opt/hostedtoolcache/Python/3.10.13/x64/lib/python3.10/site-packages/tenacity/__init__.py\", line 158, in reraise\n    raise self.last_attempt.result()\n  File \"/opt/hostedtoolcache/Python/3.10.13/x64/lib/python3.10/concurrent/futures/_base.py\", line 451, in result\n    return self.__get_result()\n  File \"/opt/hostedtoolcache/Python/3.10.13/x64/lib/python3.10/concurrent/futures/_base.py\", line 403, in __get_result\n    raise self._exception\n  File \"/opt/hostedtoolcache/Python/3.10.13/x64/lib/python3.10/site-packages/tenacity/_asyncio.py\", line 50, in __call__\n    result = await fn(*args, **kwargs)\n  File \"/home/runner/work/epic/epic/epic/src/epic_games/agent.py\", line 338, in claim_weekly_games\n    await page.wait_for_url(recur_url)\n  File \"/opt/hostedtoolcache/Python/3.10.13/x64/lib/python3.10/site-packages/playwright/async_api/_generated.py\", line 9417, in wait_for_url\n    await self._impl_obj.wait_for_url(\n  File \"/opt/hostedtoolcache/Python/3.10.13/x64/lib/python3.10/site-packages/playwright/_impl/_page.py\", line 499, in wait_for_url\n    return await self._main_frame.wait_for_url(**locals_to_params(locals()))\n  File \"/opt/hostedtoolcache/Python/3.10.13/x64/lib/python3.10/site-packages/playwright/_impl/_frame.py\", line 227, in wait_for_url\n    async with self.expect_navigation(\n  File \"/opt/hostedtoolcache/Python/3.10.13/x64/lib/python3.10/site-packages/playwright/_impl/_event_context_manager.py\", line 33, in __aexit__\n    await self._future\n  File \"/opt/hostedtoolcache/Python/3.10.13/x64/lib/python3.10/site-packages/playwright/_impl/_frame.py\", line 202, in continuation\n    event = await waiter.result()\nplaywright._impl._errors.TimeoutError: Timeout 30000ms exceeded.\n=========================== logs ===========================\nwaiting for navigation to \"https://store.epicgames.com/en-US/cart/success\" until 'load'\n============================================================\n\nDuring handling of the above exception, another exception occurred:\n\nTraceback (most recent call last):\n  File \"/home/runner/work/epic/epic/epic/src/claim.py\", line 162, in <module>\n    asyncio.run(run())\n  File \"/opt/hostedtoolcache/Python/3.10.13/x64/lib/python3.10/asyncio/runners.py\", line 44, in run\n    return loop.run_until_complete(main)\n  File \"/opt/hostedtoolcache/Python/3.10.13/x64/lib/python3.10/asyncio/base_events.py\", line 636, in run_until_complete\n    self.run_forever()\n  File \"/opt/hostedtoolcache/Python/3.10.13/x64/lib/python3.10/asyncio/base_events.py\", line 603, in run_forever\n    self._run_once()\n  File \"/opt/hostedtoolcache/Python/3.10.13/x64/lib/python3.10/asyncio/base_events.py\", line 1909, in _run_once\n    handle._run()\n  File \"/opt/hostedtoolcache/Python/3.10.13/x64/lib/python3.10/asyncio/events.py\", line 80, in _run\n    self._context.run(self._callback, *self._args)\n> File \"/home/runner/work/epic/epic/epic/src/claim.py\", line 158, in run\n    await agent.stash()\n  File \"/home/runner/work/epic/epic/epic/src/claim.py\", line 139, in stash\n    async with async_playwright() as p:\n  File \"/opt/hostedtoolcache/Python/3.10.13/x64/lib/python3.10/site-packages/playwright/async_api/_context_manager.py\", line 58, in __aexit__\n    await self._connection.stop_async()\n  File \"/opt/hostedtoolcache/Python/3.10.13/x64/lib/python3.10/site-packages/playwright/_impl/_connection.py\", line 288, in stop_async\n    self.cleanup()\n  File \"/opt/hostedtoolcache/Python/3.10.13/x64/lib/python3.10/site-packages/playwright/_impl/_connection.py\", line 299, in cleanup\n    callback.future.set_exception(self._closed_error)\nasyncio.exceptions.InvalidStateError: invalid state\n", "record": {"elapsed": {"repr": "0:03:13.844018", "seconds": 193.844018}, "exception": {"type": "InvalidStateError", "value": "invalid state", "traceback": true}, "extra": {}, "file": {"name": "claim.py", "path": "/home/runner/work/epic/epic/epic/src/claim.py"}, "function": "run", "level": {"icon": "‚ùå", "name": "ERROR", "no": 40}, "line": 158, "message": "An error has been caught in function 'run', process 'MainProcess' (3593), thread 'MainThread' (140254277299072):", "module": "claim", "name": "__main__", "process": {"id": 3593, "name": "MainProcess"}, "thread": {"id": 140254277299072, "name": "MainThread"}, "time": {"repr": "2023-12-30 04:38:28.881397+08:00", "timestamp": 1703882308.881397}}}
