{"text": "2024-02-02 04:36:53 | INFO    | __main__:stash:131 | run - {'image': '20231121', 'version': '0.10.1.post2', 'role': 'EpicPlayer', 'headless': True}\n", "record": {"elapsed": {"repr": "0:00:02.080882", "seconds": 2.080882}, "exception": null, "extra": {"image": "20231121", "version": "0.10.1.post2", "role": "EpicPlayer", "headless": true}, "file": {"name": "claim.py", "path": "/home/runner/work/epic/epic/epic/src/claim.py"}, "function": "stash", "level": {"icon": "‚ÑπÔ∏è", "name": "INFO", "no": 20}, "line": 131, "message": "run", "module": "claim", "name": "__main__", "process": {"id": 3627, "name": "MainProcess"}, "thread": {"id": 139842556091264, "name": "MainThread"}, "time": {"repr": "2024-02-02 04:36:53.782501+08:00", "timestamp": 1706819813.782501}}}
{"text": "2024-02-02 04:37:01 | WARNING    | epic_games.agent:get_order_history:467 | Failed to get order history, cookie may have expired - {}\n", "record": {"elapsed": {"repr": "0:00:09.995378", "seconds": 9.995378}, "exception": null, "extra": {}, "file": {"name": "agent.py", "path": "/home/runner/work/epic/epic/epic/src/epic_games/agent.py"}, "function": "get_order_history", "level": {"icon": "‚ö†Ô∏è", "name": "WARNING", "no": 30}, "line": 467, "message": "Failed to get order history, cookie may have expired", "module": "agent", "name": "epic_games.agent", "process": {"id": 3627, "name": "MainProcess"}, "thread": {"id": 139842556091264, "name": "MainThread"}, "time": {"repr": "2024-02-02 04:37:01.696997+08:00", "timestamp": 1706819821.696997}}}
{"text": "2024-02-02 04:37:02 | DEBUG    | __main__:create_tasks:66 | Put task - {'title': 'Doors - Paradox', 'url': 'https://store.epicgames.com/en-US/p/doors-paradox-5896c7'}\n", "record": {"elapsed": {"repr": "0:00:10.372114", "seconds": 10.372114}, "exception": null, "extra": {"title": "Doors - Paradox", "url": "https://store.epicgames.com/en-US/p/doors-paradox-5896c7"}, "file": {"name": "claim.py", "path": "/home/runner/work/epic/epic/epic/src/claim.py"}, "function": "create_tasks", "level": {"icon": "üêû", "name": "DEBUG", "no": 10}, "line": 66, "message": "Put task", "module": "claim", "name": "__main__", "process": {"id": 3627, "name": "MainProcess"}, "thread": {"id": 139842556091264, "name": "MainThread"}, "time": {"repr": "2024-02-02 04:37:02.073733+08:00", "timestamp": 1706819822.073733}}}
{"text": "2024-02-02 04:37:09 | INFO    | epic_games.agent:claim_weekly_games:294 | claim_weekly_games - {'action': 'go to store', 'url': 'https://store.epicgames.com/en-US/p/doors-paradox-5896c7'}\n", "record": {"elapsed": {"repr": "0:00:17.513004", "seconds": 17.513004}, "exception": null, "extra": {"action": "go to store", "url": "https://store.epicgames.com/en-US/p/doors-paradox-5896c7"}, "file": {"name": "agent.py", "path": "/home/runner/work/epic/epic/epic/src/epic_games/agent.py"}, "function": "claim_weekly_games", "level": {"icon": "‚ÑπÔ∏è", "name": "INFO", "no": 20}, "line": 294, "message": "claim_weekly_games", "module": "agent", "name": "epic_games.agent", "process": {"id": 3627, "name": "MainProcess"}, "thread": {"id": 139842556091264, "name": "MainThread"}, "time": {"repr": "2024-02-02 04:37:09.214623+08:00", "timestamp": 1706819829.214623}}}
{"text": "2024-02-02 04:37:21 | INFO    | epic_games.agent:claim_weekly_games:326 | claim_weekly_games - {'action': 'move to webPurchaseContainer iframe'}\n", "record": {"elapsed": {"repr": "0:00:29.533117", "seconds": 29.533117}, "exception": null, "extra": {"action": "move to webPurchaseContainer iframe"}, "file": {"name": "agent.py", "path": "/home/runner/work/epic/epic/epic/src/epic_games/agent.py"}, "function": "claim_weekly_games", "level": {"icon": "‚ÑπÔ∏è", "name": "INFO", "no": 20}, "line": 326, "message": "claim_weekly_games", "module": "agent", "name": "epic_games.agent", "process": {"id": 3627, "name": "MainProcess"}, "thread": {"id": 139842556091264, "name": "MainThread"}, "time": {"repr": "2024-02-02 04:37:21.234736+08:00", "timestamp": 1706819841.234736}}}
{"text": "2024-02-02 04:37:23 | INFO    | epic_games.agent:claim_weekly_games:328 | claim_weekly_games - {'action': 'click payment button'}\n", "record": {"elapsed": {"repr": "0:00:32.013694", "seconds": 32.013694}, "exception": null, "extra": {"action": "click payment button"}, "file": {"name": "agent.py", "path": "/home/runner/work/epic/epic/epic/src/epic_games/agent.py"}, "function": "claim_weekly_games", "level": {"icon": "‚ÑπÔ∏è", "name": "INFO", "no": 20}, "line": 328, "message": "claim_weekly_games", "module": "agent", "name": "epic_games.agent", "process": {"id": 3627, "name": "MainProcess"}, "thread": {"id": 139842556091264, "name": "MainThread"}, "time": {"repr": "2024-02-02 04:37:23.715313+08:00", "timestamp": 1706819843.715313}}}
{"text": "2024-02-02 04:37:28 | DEBUG    | hcaptcha_challenger.agents.playwright.control:_parse_label:241 | get task - {'prompt': \"Please click on the meerkat's head\"}\n", "record": {"elapsed": {"repr": "0:00:37.017086", "seconds": 37.017086}, "exception": null, "extra": {"prompt": "Please click on the meerkat's head"}, "file": {"name": "control.py", "path": "/opt/hostedtoolcache/Python/3.10.13/x64/lib/python3.10/site-packages/hcaptcha_challenger/agents/playwright/control.py"}, "function": "_parse_label", "level": {"icon": "üêû", "name": "DEBUG", "no": 10}, "line": 241, "message": "get task", "module": "control", "name": "hcaptcha_challenger.agents.playwright.control", "process": {"id": 3627, "name": "MainProcess"}, "thread": {"id": 139842556091264, "name": "MainThread"}, "time": {"repr": "2024-02-02 04:37:28.718705+08:00", "timestamp": 1706819848.718705}}}
{"text": "2024-02-02 04:37:30 | DEBUG    | hcaptcha_challenger.agents.playwright.control:lookup_objects:317 | handle task - {'catch_model': 'head_of_the_meerkat_2311_yolov8n.onnx', 'ash': \"please click on the meerkat's head default\"}\n", "record": {"elapsed": {"repr": "0:00:39.031714", "seconds": 39.031714}, "exception": null, "extra": {"catch_model": "head_of_the_meerkat_2311_yolov8n.onnx", "ash": "please click on the meerkat's head default"}, "file": {"name": "control.py", "path": "/opt/hostedtoolcache/Python/3.10.13/x64/lib/python3.10/site-packages/hcaptcha_challenger/agents/playwright/control.py"}, "function": "lookup_objects", "level": {"icon": "üêû", "name": "DEBUG", "no": 10}, "line": 317, "message": "handle task", "module": "control", "name": "hcaptcha_challenger.agents.playwright.control", "process": {"id": 3627, "name": "MainProcess"}, "thread": {"id": 139842556091264, "name": "MainThread"}, "time": {"repr": "2024-02-02 04:37:30.733333+08:00", "timestamp": 1706819850.733333}}}
{"text": "2024-02-02 04:37:34 | DEBUG    | epic_games.agent:insert_challenge:106 | task done - {'sattus': 'success'}\n", "record": {"elapsed": {"repr": "0:00:43.132464", "seconds": 43.132464}, "exception": null, "extra": {"sattus": "success"}, "file": {"name": "agent.py", "path": "/home/runner/work/epic/epic/epic/src/epic_games/agent.py"}, "function": "insert_challenge", "level": {"icon": "üêû", "name": "DEBUG", "no": 10}, "line": 106, "message": "task done", "module": "agent", "name": "epic_games.agent", "process": {"id": 3627, "name": "MainProcess"}, "thread": {"id": 139842556091264, "name": "MainThread"}, "time": {"repr": "2024-02-02 04:37:34.834083+08:00", "timestamp": 1706819854.834083}}}
{"text": "2024-02-02 04:38:06 | INFO    | epic_games.agent:claim_weekly_games:294 | claim_weekly_games - {'action': 'go to store', 'url': 'https://store.epicgames.com/en-US/p/doors-paradox-5896c7'}\n", "record": {"elapsed": {"repr": "0:01:15.274301", "seconds": 75.274301}, "exception": null, "extra": {"action": "go to store", "url": "https://store.epicgames.com/en-US/p/doors-paradox-5896c7"}, "file": {"name": "agent.py", "path": "/home/runner/work/epic/epic/epic/src/epic_games/agent.py"}, "function": "claim_weekly_games", "level": {"icon": "‚ÑπÔ∏è", "name": "INFO", "no": 20}, "line": 294, "message": "claim_weekly_games", "module": "agent", "name": "epic_games.agent", "process": {"id": 3627, "name": "MainProcess"}, "thread": {"id": 139842556091264, "name": "MainThread"}, "time": {"repr": "2024-02-02 04:38:06.975920+08:00", "timestamp": 1706819886.97592}}}
{"text": "2024-02-02 04:38:15 | INFO    | epic_games.agent:claim_weekly_games:326 | claim_weekly_games - {'action': 'move to webPurchaseContainer iframe'}\n", "record": {"elapsed": {"repr": "0:01:23.793257", "seconds": 83.793257}, "exception": null, "extra": {"action": "move to webPurchaseContainer iframe"}, "file": {"name": "agent.py", "path": "/home/runner/work/epic/epic/epic/src/epic_games/agent.py"}, "function": "claim_weekly_games", "level": {"icon": "‚ÑπÔ∏è", "name": "INFO", "no": 20}, "line": 326, "message": "claim_weekly_games", "module": "agent", "name": "epic_games.agent", "process": {"id": 3627, "name": "MainProcess"}, "thread": {"id": 139842556091264, "name": "MainThread"}, "time": {"repr": "2024-02-02 04:38:15.494876+08:00", "timestamp": 1706819895.494876}}}
{"text": "2024-02-02 04:38:17 | INFO    | epic_games.agent:claim_weekly_games:328 | claim_weekly_games - {'action': 'click payment button'}\n", "record": {"elapsed": {"repr": "0:01:26.194116", "seconds": 86.194116}, "exception": null, "extra": {"action": "click payment button"}, "file": {"name": "agent.py", "path": "/home/runner/work/epic/epic/epic/src/epic_games/agent.py"}, "function": "claim_weekly_games", "level": {"icon": "‚ÑπÔ∏è", "name": "INFO", "no": 20}, "line": 328, "message": "claim_weekly_games", "module": "agent", "name": "epic_games.agent", "process": {"id": 3627, "name": "MainProcess"}, "thread": {"id": 139842556091264, "name": "MainThread"}, "time": {"repr": "2024-02-02 04:38:17.895735+08:00", "timestamp": 1706819897.895735}}}
{"text": "2024-02-02 04:38:22 | DEBUG    | hcaptcha_challenger.agents.playwright.control:_parse_label:241 | get task - {'prompt': \"Please click on t“ªe meerkat's head\"}\n", "record": {"elapsed": {"repr": "0:01:31.197249", "seconds": 91.197249}, "exception": null, "extra": {"prompt": "Please click on t“ªe meerkat's head"}, "file": {"name": "control.py", "path": "/opt/hostedtoolcache/Python/3.10.13/x64/lib/python3.10/site-packages/hcaptcha_challenger/agents/playwright/control.py"}, "function": "_parse_label", "level": {"icon": "üêû", "name": "DEBUG", "no": 10}, "line": 241, "message": "get task", "module": "control", "name": "hcaptcha_challenger.agents.playwright.control", "process": {"id": 3627, "name": "MainProcess"}, "thread": {"id": 139842556091264, "name": "MainThread"}, "time": {"repr": "2024-02-02 04:38:22.898868+08:00", "timestamp": 1706819902.898868}}}
{"text": "2024-02-02 04:38:28 | DEBUG    | epic_games.agent:insert_challenge:106 | task done - {'sattus': 'success'}\n", "record": {"elapsed": {"repr": "0:01:36.611621", "seconds": 96.611621}, "exception": null, "extra": {"sattus": "success"}, "file": {"name": "agent.py", "path": "/home/runner/work/epic/epic/epic/src/epic_games/agent.py"}, "function": "insert_challenge", "level": {"icon": "üêû", "name": "DEBUG", "no": 10}, "line": 106, "message": "task done", "module": "agent", "name": "epic_games.agent", "process": {"id": 3627, "name": "MainProcess"}, "thread": {"id": 139842556091264, "name": "MainThread"}, "time": {"repr": "2024-02-02 04:38:28.313240+08:00", "timestamp": 1706819908.31324}}}
{"text": "2024-02-02 04:39:00 | INFO    | epic_games.agent:claim_weekly_games:294 | claim_weekly_games - {'action': 'go to store', 'url': 'https://store.epicgames.com/en-US/p/doors-paradox-5896c7'}\n", "record": {"elapsed": {"repr": "0:02:08.742234", "seconds": 128.742234}, "exception": null, "extra": {"action": "go to store", "url": "https://store.epicgames.com/en-US/p/doors-paradox-5896c7"}, "file": {"name": "agent.py", "path": "/home/runner/work/epic/epic/epic/src/epic_games/agent.py"}, "function": "claim_weekly_games", "level": {"icon": "‚ÑπÔ∏è", "name": "INFO", "no": 20}, "line": 294, "message": "claim_weekly_games", "module": "agent", "name": "epic_games.agent", "process": {"id": 3627, "name": "MainProcess"}, "thread": {"id": 139842556091264, "name": "MainThread"}, "time": {"repr": "2024-02-02 04:39:00.443853+08:00", "timestamp": 1706819940.443853}}}
{"text": "2024-02-02 04:39:09 | INFO    | epic_games.agent:claim_weekly_games:326 | claim_weekly_games - {'action': 'move to webPurchaseContainer iframe'}\n", "record": {"elapsed": {"repr": "0:02:17.378612", "seconds": 137.378612}, "exception": null, "extra": {"action": "move to webPurchaseContainer iframe"}, "file": {"name": "agent.py", "path": "/home/runner/work/epic/epic/epic/src/epic_games/agent.py"}, "function": "claim_weekly_games", "level": {"icon": "‚ÑπÔ∏è", "name": "INFO", "no": 20}, "line": 326, "message": "claim_weekly_games", "module": "agent", "name": "epic_games.agent", "process": {"id": 3627, "name": "MainProcess"}, "thread": {"id": 139842556091264, "name": "MainThread"}, "time": {"repr": "2024-02-02 04:39:09.080231+08:00", "timestamp": 1706819949.080231}}}
{"text": "2024-02-02 04:39:11 | INFO    | epic_games.agent:claim_weekly_games:328 | claim_weekly_games - {'action': 'click payment button'}\n", "record": {"elapsed": {"repr": "0:02:19.773259", "seconds": 139.773259}, "exception": null, "extra": {"action": "click payment button"}, "file": {"name": "agent.py", "path": "/home/runner/work/epic/epic/epic/src/epic_games/agent.py"}, "function": "claim_weekly_games", "level": {"icon": "‚ÑπÔ∏è", "name": "INFO", "no": 20}, "line": 328, "message": "claim_weekly_games", "module": "agent", "name": "epic_games.agent", "process": {"id": 3627, "name": "MainProcess"}, "thread": {"id": 139842556091264, "name": "MainThread"}, "time": {"repr": "2024-02-02 04:39:11.474878+08:00", "timestamp": 1706819951.474878}}}
{"text": "2024-02-02 04:39:16 | DEBUG    | hcaptcha_challenger.agents.playwright.control:_parse_label:241 | get task - {'prompt': 'Please cli—Åk on the most similar sh–∞pe to the following referen—Åe image:'}\n", "record": {"elapsed": {"repr": "0:02:24.774570", "seconds": 144.77457}, "exception": null, "extra": {"prompt": "Please cli—Åk on the most similar sh–∞pe to the following referen—Åe image:"}, "file": {"name": "control.py", "path": "/opt/hostedtoolcache/Python/3.10.13/x64/lib/python3.10/site-packages/hcaptcha_challenger/agents/playwright/control.py"}, "function": "_parse_label", "level": {"icon": "üêû", "name": "DEBUG", "no": 10}, "line": 241, "message": "get task", "module": "control", "name": "hcaptcha_challenger.agents.playwright.control", "process": {"id": 3627, "name": "MainProcess"}, "thread": {"id": 139842556091264, "name": "MainThread"}, "time": {"repr": "2024-02-02 04:39:16.476189+08:00", "timestamp": 1706819956.476189}}}
{"text": "2024-02-02 04:39:21 | DEBUG    | epic_games.agent:insert_challenge:106 | task done - {'sattus': 'success'}\n", "record": {"elapsed": {"repr": "0:02:29.727176", "seconds": 149.727176}, "exception": null, "extra": {"sattus": "success"}, "file": {"name": "agent.py", "path": "/home/runner/work/epic/epic/epic/src/epic_games/agent.py"}, "function": "insert_challenge", "level": {"icon": "üêû", "name": "DEBUG", "no": 10}, "line": 106, "message": "task done", "module": "agent", "name": "epic_games.agent", "process": {"id": 3627, "name": "MainProcess"}, "thread": {"id": 139842556091264, "name": "MainThread"}, "time": {"repr": "2024-02-02 04:39:21.428795+08:00", "timestamp": 1706819961.428795}}}
{"text": "2024-02-02 04:39:53 | ERROR    | __main__:run:158 | An error has been caught in function 'run', process 'MainProcess' (3627), thread 'MainThread' (139842556091264): - {}\nTraceback (most recent call last):\n  File \"/home/runner/work/epic/epic/epic/src/claim.py\", line 151, in stash\n    await self.claim_epic_games(context)\n  File \"/home/runner/work/epic/epic/epic/src/claim.py\", line 122, in claim_epic_games\n    await epic.claim_weekly_games(page, single_promotions)\n  File \"/opt/hostedtoolcache/Python/3.10.13/x64/lib/python3.10/site-packages/tenacity/_asyncio.py\", line 88, in async_wrapped\n    return await fn(*args, **kwargs)\n  File \"/opt/hostedtoolcache/Python/3.10.13/x64/lib/python3.10/site-packages/tenacity/_asyncio.py\", line 47, in __call__\n    do = self.iter(retry_state=retry_state)\n  File \"/opt/hostedtoolcache/Python/3.10.13/x64/lib/python3.10/site-packages/tenacity/__init__.py\", line 325, in iter\n    raise retry_exc.reraise()\n  File \"/opt/hostedtoolcache/Python/3.10.13/x64/lib/python3.10/site-packages/tenacity/__init__.py\", line 158, in reraise\n    raise self.last_attempt.result()\n  File \"/opt/hostedtoolcache/Python/3.10.13/x64/lib/python3.10/concurrent/futures/_base.py\", line 451, in result\n    return self.__get_result()\n  File \"/opt/hostedtoolcache/Python/3.10.13/x64/lib/python3.10/concurrent/futures/_base.py\", line 403, in __get_result\n    raise self._exception\n  File \"/opt/hostedtoolcache/Python/3.10.13/x64/lib/python3.10/site-packages/tenacity/_asyncio.py\", line 50, in __call__\n    result = await fn(*args, **kwargs)\n  File \"/home/runner/work/epic/epic/epic/src/epic_games/agent.py\", line 338, in claim_weekly_games\n    await page.wait_for_url(recur_url)\n  File \"/opt/hostedtoolcache/Python/3.10.13/x64/lib/python3.10/site-packages/playwright/async_api/_generated.py\", line 9432, in wait_for_url\n    await self._impl_obj.wait_for_url(\n  File \"/opt/hostedtoolcache/Python/3.10.13/x64/lib/python3.10/site-packages/playwright/_impl/_page.py\", line 508, in wait_for_url\n    return await self._main_frame.wait_for_url(**locals_to_params(locals()))\n  File \"/opt/hostedtoolcache/Python/3.10.13/x64/lib/python3.10/site-packages/playwright/_impl/_frame.py\", line 237, in wait_for_url\n    async with self.expect_navigation(\n  File \"/opt/hostedtoolcache/Python/3.10.13/x64/lib/python3.10/site-packages/playwright/_impl/_event_context_manager.py\", line 33, in __aexit__\n    await self._future\n  File \"/opt/hostedtoolcache/Python/3.10.13/x64/lib/python3.10/site-packages/playwright/_impl/_frame.py\", line 212, in continuation\n    event = await waiter.result()\nplaywright._impl._errors.TimeoutError: Timeout 30000ms exceeded.\n=========================== logs ===========================\nwaiting for navigation to \"https://store.epicgames.com/en-US/cart/success\" until 'load'\n============================================================\n\nDuring handling of the above exception, another exception occurred:\n\nTraceback (most recent call last):\n  File \"/home/runner/work/epic/epic/epic/src/claim.py\", line 162, in <module>\n    asyncio.run(run())\n  File \"/opt/hostedtoolcache/Python/3.10.13/x64/lib/python3.10/asyncio/runners.py\", line 44, in run\n    return loop.run_until_complete(main)\n  File \"/opt/hostedtoolcache/Python/3.10.13/x64/lib/python3.10/asyncio/base_events.py\", line 636, in run_until_complete\n    self.run_forever()\n  File \"/opt/hostedtoolcache/Python/3.10.13/x64/lib/python3.10/asyncio/base_events.py\", line 603, in run_forever\n    self._run_once()\n  File \"/opt/hostedtoolcache/Python/3.10.13/x64/lib/python3.10/asyncio/base_events.py\", line 1909, in _run_once\n    handle._run()\n  File \"/opt/hostedtoolcache/Python/3.10.13/x64/lib/python3.10/asyncio/events.py\", line 80, in _run\n    self._context.run(self._callback, *self._args)\n> File \"/home/runner/work/epic/epic/epic/src/claim.py\", line 158, in run\n    await agent.stash()\n  File \"/home/runner/work/epic/epic/epic/src/claim.py\", line 139, in stash\n    async with async_playwright() as p:\n  File \"/opt/hostedtoolcache/Python/3.10.13/x64/lib/python3.10/site-packages/playwright/async_api/_context_manager.py\", line 58, in __aexit__\n    await self._connection.stop_async()\n  File \"/opt/hostedtoolcache/Python/3.10.13/x64/lib/python3.10/site-packages/playwright/_impl/_connection.py\", line 289, in stop_async\n    self.cleanup()\n  File \"/opt/hostedtoolcache/Python/3.10.13/x64/lib/python3.10/site-packages/playwright/_impl/_connection.py\", line 300, in cleanup\n    callback.future.set_exception(self._closed_error)\nasyncio.exceptions.InvalidStateError: invalid state\n", "record": {"elapsed": {"repr": "0:03:01.595574", "seconds": 181.595574}, "exception": {"type": "InvalidStateError", "value": "invalid state", "traceback": true}, "extra": {}, "file": {"name": "claim.py", "path": "/home/runner/work/epic/epic/epic/src/claim.py"}, "function": "run", "level": {"icon": "‚ùå", "name": "ERROR", "no": 40}, "line": 158, "message": "An error has been caught in function 'run', process 'MainProcess' (3627), thread 'MainThread' (139842556091264):", "module": "claim", "name": "__main__", "process": {"id": 3627, "name": "MainProcess"}, "thread": {"id": 139842556091264, "name": "MainThread"}, "time": {"repr": "2024-02-02 04:39:53.297193+08:00", "timestamp": 1706819993.297193}}}
