{"text": "2024-01-03 04:36:35 | INFO    | __main__:stash:131 | run - {'image': '20231121', 'version': '0.10.1.post2', 'role': 'EpicPlayer', 'headless': True}\n", "record": {"elapsed": {"repr": "0:00:01.591483", "seconds": 1.591483}, "exception": null, "extra": {"image": "20231121", "version": "0.10.1.post2", "role": "EpicPlayer", "headless": true}, "file": {"name": "claim.py", "path": "/home/runner/work/epic/epic/epic/src/claim.py"}, "function": "stash", "level": {"icon": "‚ÑπÔ∏è", "name": "INFO", "no": 20}, "line": 131, "message": "run", "module": "claim", "name": "__main__", "process": {"id": 3559, "name": "MainProcess"}, "thread": {"id": 140425080040320, "name": "MainThread"}, "time": {"repr": "2024-01-03 04:36:35.810663+08:00", "timestamp": 1704227795.810663}}}
{"text": "2024-01-03 04:36:40 | DEBUG    | __main__:create_tasks:66 | Put task - {'title': '20 Minutes Till Dawn', 'url': 'https://store.epicgames.com/en-US/p/20-minutes-till-dawn-be3305'}\n", "record": {"elapsed": {"repr": "0:00:06.634950", "seconds": 6.63495}, "exception": null, "extra": {"title": "20 Minutes Till Dawn", "url": "https://store.epicgames.com/en-US/p/20-minutes-till-dawn-be3305"}, "file": {"name": "claim.py", "path": "/home/runner/work/epic/epic/epic/src/claim.py"}, "function": "create_tasks", "level": {"icon": "üêû", "name": "DEBUG", "no": 10}, "line": 66, "message": "Put task", "module": "claim", "name": "__main__", "process": {"id": 3559, "name": "MainProcess"}, "thread": {"id": 140425080040320, "name": "MainThread"}, "time": {"repr": "2024-01-03 04:36:40.854130+08:00", "timestamp": 1704227800.85413}}}
{"text": "2024-01-03 04:36:45 | INFO    | epic_games.agent:claim_weekly_games:294 | claim_weekly_games - {'action': 'go to store', 'url': 'https://store.epicgames.com/en-US/p/20-minutes-till-dawn-be3305'}\n", "record": {"elapsed": {"repr": "0:00:11.629258", "seconds": 11.629258}, "exception": null, "extra": {"action": "go to store", "url": "https://store.epicgames.com/en-US/p/20-minutes-till-dawn-be3305"}, "file": {"name": "agent.py", "path": "/home/runner/work/epic/epic/epic/src/epic_games/agent.py"}, "function": "claim_weekly_games", "level": {"icon": "‚ÑπÔ∏è", "name": "INFO", "no": 20}, "line": 294, "message": "claim_weekly_games", "module": "agent", "name": "epic_games.agent", "process": {"id": 3559, "name": "MainProcess"}, "thread": {"id": 140425080040320, "name": "MainThread"}, "time": {"repr": "2024-01-03 04:36:45.848438+08:00", "timestamp": 1704227805.848438}}}
{"text": "2024-01-03 04:36:56 | INFO    | epic_games.agent:claim_weekly_games:326 | claim_weekly_games - {'action': 'move to webPurchaseContainer iframe'}\n", "record": {"elapsed": {"repr": "0:00:22.656151", "seconds": 22.656151}, "exception": null, "extra": {"action": "move to webPurchaseContainer iframe"}, "file": {"name": "agent.py", "path": "/home/runner/work/epic/epic/epic/src/epic_games/agent.py"}, "function": "claim_weekly_games", "level": {"icon": "‚ÑπÔ∏è", "name": "INFO", "no": 20}, "line": 326, "message": "claim_weekly_games", "module": "agent", "name": "epic_games.agent", "process": {"id": 3559, "name": "MainProcess"}, "thread": {"id": 140425080040320, "name": "MainThread"}, "time": {"repr": "2024-01-03 04:36:56.875331+08:00", "timestamp": 1704227816.875331}}}
{"text": "2024-01-03 04:36:59 | INFO    | epic_games.agent:claim_weekly_games:328 | claim_weekly_games - {'action': 'click payment button'}\n", "record": {"elapsed": {"repr": "0:00:25.063314", "seconds": 25.063314}, "exception": null, "extra": {"action": "click payment button"}, "file": {"name": "agent.py", "path": "/home/runner/work/epic/epic/epic/src/epic_games/agent.py"}, "function": "claim_weekly_games", "level": {"icon": "‚ÑπÔ∏è", "name": "INFO", "no": 20}, "line": 328, "message": "claim_weekly_games", "module": "agent", "name": "epic_games.agent", "process": {"id": 3559, "name": "MainProcess"}, "thread": {"id": 140425080040320, "name": "MainThread"}, "time": {"repr": "2024-01-03 04:36:59.282494+08:00", "timestamp": 1704227819.282494}}}
{"text": "2024-01-03 04:37:04 | DEBUG    | hcaptcha_challenger.agents.playwright.control:_parse_label:241 | get task - {'prompt': 'Please click on all images of the heaviest animal species'}\n", "record": {"elapsed": {"repr": "0:00:30.065685", "seconds": 30.065685}, "exception": null, "extra": {"prompt": "Please click on all images of the heaviest animal species"}, "file": {"name": "control.py", "path": "/opt/hostedtoolcache/Python/3.10.13/x64/lib/python3.10/site-packages/hcaptcha_challenger/agents/playwright/control.py"}, "function": "_parse_label", "level": {"icon": "üêû", "name": "DEBUG", "no": 10}, "line": 241, "message": "get task", "module": "control", "name": "hcaptcha_challenger.agents.playwright.control", "process": {"id": 3559, "name": "MainProcess"}, "thread": {"id": 140425080040320, "name": "MainThread"}, "time": {"repr": "2024-01-03 04:37:04.284865+08:00", "timestamp": 1704227824.284865}}}
{"text": "2024-01-03 04:37:05 | DEBUG    | hcaptcha_challenger.agents.playwright.control:_catch_all_binary_challenge:474 | handle task - {'unsupervised': 'binary', 'candidate_labels': ['This is a picture that looks like please click on all images of the heaviest animal species.', \"This is a picture that don't look like please click on all images of the heaviest animal species.\"], 'prompt': 'Please click on all images of the heaviest animal species', 'timit': '0.898s'}\n", "record": {"elapsed": {"repr": "0:00:31.201090", "seconds": 31.20109}, "exception": null, "extra": {"unsupervised": "binary", "candidate_labels": ["This is a picture that looks like please click on all images of the heaviest animal species.", "This is a picture that don't look like please click on all images of the heaviest animal species."], "prompt": "Please click on all images of the heaviest animal species", "timit": "0.898s"}, "file": {"name": "control.py", "path": "/opt/hostedtoolcache/Python/3.10.13/x64/lib/python3.10/site-packages/hcaptcha_challenger/agents/playwright/control.py"}, "function": "_catch_all_binary_challenge", "level": {"icon": "üêû", "name": "DEBUG", "no": 10}, "line": 474, "message": "handle task", "module": "control", "name": "hcaptcha_challenger.agents.playwright.control", "process": {"id": 3559, "name": "MainProcess"}, "thread": {"id": 140425080040320, "name": "MainThread"}, "time": {"repr": "2024-01-03 04:37:05.420270+08:00", "timestamp": 1704227825.42027}}}
{"text": "2024-01-03 04:37:16 | DEBUG    | epic_games.agent:insert_challenge:106 | task done - {'sattus': 'success'}\n", "record": {"elapsed": {"repr": "0:00:42.448686", "seconds": 42.448686}, "exception": null, "extra": {"sattus": "success"}, "file": {"name": "agent.py", "path": "/home/runner/work/epic/epic/epic/src/epic_games/agent.py"}, "function": "insert_challenge", "level": {"icon": "üêû", "name": "DEBUG", "no": 10}, "line": 106, "message": "task done", "module": "agent", "name": "epic_games.agent", "process": {"id": 3559, "name": "MainProcess"}, "thread": {"id": 140425080040320, "name": "MainThread"}, "time": {"repr": "2024-01-03 04:37:16.667866+08:00", "timestamp": 1704227836.667866}}}
{"text": "2024-01-03 04:37:48 | INFO    | epic_games.agent:claim_weekly_games:294 | claim_weekly_games - {'action': 'go to store', 'url': 'https://store.epicgames.com/en-US/p/20-minutes-till-dawn-be3305'}\n", "record": {"elapsed": {"repr": "0:01:14.614631", "seconds": 74.614631}, "exception": null, "extra": {"action": "go to store", "url": "https://store.epicgames.com/en-US/p/20-minutes-till-dawn-be3305"}, "file": {"name": "agent.py", "path": "/home/runner/work/epic/epic/epic/src/epic_games/agent.py"}, "function": "claim_weekly_games", "level": {"icon": "‚ÑπÔ∏è", "name": "INFO", "no": 20}, "line": 294, "message": "claim_weekly_games", "module": "agent", "name": "epic_games.agent", "process": {"id": 3559, "name": "MainProcess"}, "thread": {"id": 140425080040320, "name": "MainThread"}, "time": {"repr": "2024-01-03 04:37:48.833811+08:00", "timestamp": 1704227868.833811}}}
{"text": "2024-01-03 04:37:57 | INFO    | epic_games.agent:claim_weekly_games:326 | claim_weekly_games - {'action': 'move to webPurchaseContainer iframe'}\n", "record": {"elapsed": {"repr": "0:01:22.791320", "seconds": 82.79132}, "exception": null, "extra": {"action": "move to webPurchaseContainer iframe"}, "file": {"name": "agent.py", "path": "/home/runner/work/epic/epic/epic/src/epic_games/agent.py"}, "function": "claim_weekly_games", "level": {"icon": "‚ÑπÔ∏è", "name": "INFO", "no": 20}, "line": 326, "message": "claim_weekly_games", "module": "agent", "name": "epic_games.agent", "process": {"id": 3559, "name": "MainProcess"}, "thread": {"id": 140425080040320, "name": "MainThread"}, "time": {"repr": "2024-01-03 04:37:57.010500+08:00", "timestamp": 1704227877.0105}}}
{"text": "2024-01-03 04:37:59 | INFO    | epic_games.agent:claim_weekly_games:328 | claim_weekly_games - {'action': 'click payment button'}\n", "record": {"elapsed": {"repr": "0:01:25.181876", "seconds": 85.181876}, "exception": null, "extra": {"action": "click payment button"}, "file": {"name": "agent.py", "path": "/home/runner/work/epic/epic/epic/src/epic_games/agent.py"}, "function": "claim_weekly_games", "level": {"icon": "‚ÑπÔ∏è", "name": "INFO", "no": 20}, "line": 328, "message": "claim_weekly_games", "module": "agent", "name": "epic_games.agent", "process": {"id": 3559, "name": "MainProcess"}, "thread": {"id": 140425080040320, "name": "MainThread"}, "time": {"repr": "2024-01-03 04:37:59.401056+08:00", "timestamp": 1704227879.401056}}}
{"text": "2024-01-03 04:38:04 | DEBUG    | hcaptcha_challenger.agents.playwright.control:_parse_label:241 | get task - {'prompt': 'Œ°le–∞se click on all images of the heaviest animal speci–µs'}\n", "record": {"elapsed": {"repr": "0:01:30.184149", "seconds": 90.184149}, "exception": null, "extra": {"prompt": "Œ°le–∞se click on all images of the heaviest animal speci–µs"}, "file": {"name": "control.py", "path": "/opt/hostedtoolcache/Python/3.10.13/x64/lib/python3.10/site-packages/hcaptcha_challenger/agents/playwright/control.py"}, "function": "_parse_label", "level": {"icon": "üêû", "name": "DEBUG", "no": 10}, "line": 241, "message": "get task", "module": "control", "name": "hcaptcha_challenger.agents.playwright.control", "process": {"id": 3559, "name": "MainProcess"}, "thread": {"id": 140425080040320, "name": "MainThread"}, "time": {"repr": "2024-01-03 04:38:04.403329+08:00", "timestamp": 1704227884.403329}}}
{"text": "2024-01-03 04:38:05 | DEBUG    | hcaptcha_challenger.agents.playwright.control:_catch_all_binary_challenge:474 | handle task - {'unsupervised': 'binary', 'candidate_labels': ['This is a picture that looks like œÅlease click on all images of the heaviest animal species.', \"This is a picture that don't look like œÅlease click on all images of the heaviest animal species.\"], 'prompt': 'Œ°le–∞se click on all images of the heaviest animal speci–µs', 'timit': '0.718s'}\n", "record": {"elapsed": {"repr": "0:01:31.087388", "seconds": 91.087388}, "exception": null, "extra": {"unsupervised": "binary", "candidate_labels": ["This is a picture that looks like œÅlease click on all images of the heaviest animal species.", "This is a picture that don't look like œÅlease click on all images of the heaviest animal species."], "prompt": "Œ°le–∞se click on all images of the heaviest animal speci–µs", "timit": "0.718s"}, "file": {"name": "control.py", "path": "/opt/hostedtoolcache/Python/3.10.13/x64/lib/python3.10/site-packages/hcaptcha_challenger/agents/playwright/control.py"}, "function": "_catch_all_binary_challenge", "level": {"icon": "üêû", "name": "DEBUG", "no": 10}, "line": 474, "message": "handle task", "module": "control", "name": "hcaptcha_challenger.agents.playwright.control", "process": {"id": 3559, "name": "MainProcess"}, "thread": {"id": 140425080040320, "name": "MainThread"}, "time": {"repr": "2024-01-03 04:38:05.306568+08:00", "timestamp": 1704227885.306568}}}
{"text": "2024-01-03 04:38:16 | DEBUG    | epic_games.agent:insert_challenge:106 | task done - {'sattus': 'success'}\n", "record": {"elapsed": {"repr": "0:01:42.045383", "seconds": 102.045383}, "exception": null, "extra": {"sattus": "success"}, "file": {"name": "agent.py", "path": "/home/runner/work/epic/epic/epic/src/epic_games/agent.py"}, "function": "insert_challenge", "level": {"icon": "üêû", "name": "DEBUG", "no": 10}, "line": 106, "message": "task done", "module": "agent", "name": "epic_games.agent", "process": {"id": 3559, "name": "MainProcess"}, "thread": {"id": 140425080040320, "name": "MainThread"}, "time": {"repr": "2024-01-03 04:38:16.264563+08:00", "timestamp": 1704227896.264563}}}
{"text": "2024-01-03 04:38:48 | INFO    | epic_games.agent:claim_weekly_games:294 | claim_weekly_games - {'action': 'go to store', 'url': 'https://store.epicgames.com/en-US/p/20-minutes-till-dawn-be3305'}\n", "record": {"elapsed": {"repr": "0:02:14.231212", "seconds": 134.231212}, "exception": null, "extra": {"action": "go to store", "url": "https://store.epicgames.com/en-US/p/20-minutes-till-dawn-be3305"}, "file": {"name": "agent.py", "path": "/home/runner/work/epic/epic/epic/src/epic_games/agent.py"}, "function": "claim_weekly_games", "level": {"icon": "‚ÑπÔ∏è", "name": "INFO", "no": 20}, "line": 294, "message": "claim_weekly_games", "module": "agent", "name": "epic_games.agent", "process": {"id": 3559, "name": "MainProcess"}, "thread": {"id": 140425080040320, "name": "MainThread"}, "time": {"repr": "2024-01-03 04:38:48.450392+08:00", "timestamp": 1704227928.450392}}}
{"text": "2024-01-03 04:38:56 | INFO    | epic_games.agent:claim_weekly_games:326 | claim_weekly_games - {'action': 'move to webPurchaseContainer iframe'}\n", "record": {"elapsed": {"repr": "0:02:22.409825", "seconds": 142.409825}, "exception": null, "extra": {"action": "move to webPurchaseContainer iframe"}, "file": {"name": "agent.py", "path": "/home/runner/work/epic/epic/epic/src/epic_games/agent.py"}, "function": "claim_weekly_games", "level": {"icon": "‚ÑπÔ∏è", "name": "INFO", "no": 20}, "line": 326, "message": "claim_weekly_games", "module": "agent", "name": "epic_games.agent", "process": {"id": 3559, "name": "MainProcess"}, "thread": {"id": 140425080040320, "name": "MainThread"}, "time": {"repr": "2024-01-03 04:38:56.629005+08:00", "timestamp": 1704227936.629005}}}
{"text": "2024-01-03 04:38:59 | INFO    | epic_games.agent:claim_weekly_games:328 | claim_weekly_games - {'action': 'click payment button'}\n", "record": {"elapsed": {"repr": "0:02:24.783199", "seconds": 144.783199}, "exception": null, "extra": {"action": "click payment button"}, "file": {"name": "agent.py", "path": "/home/runner/work/epic/epic/epic/src/epic_games/agent.py"}, "function": "claim_weekly_games", "level": {"icon": "‚ÑπÔ∏è", "name": "INFO", "no": 20}, "line": 328, "message": "claim_weekly_games", "module": "agent", "name": "epic_games.agent", "process": {"id": 3559, "name": "MainProcess"}, "thread": {"id": 140425080040320, "name": "MainThread"}, "time": {"repr": "2024-01-03 04:38:59.002379+08:00", "timestamp": 1704227939.002379}}}
{"text": "2024-01-03 04:39:04 | DEBUG    | hcaptcha_challenger.agents.playwright.control:_parse_label:241 | get task - {'prompt': 'Œ°lease click on all —ñmages of the heav—ñest animal species'}\n", "record": {"elapsed": {"repr": "0:02:29.785206", "seconds": 149.785206}, "exception": null, "extra": {"prompt": "Œ°lease click on all —ñmages of the heav—ñest animal species"}, "file": {"name": "control.py", "path": "/opt/hostedtoolcache/Python/3.10.13/x64/lib/python3.10/site-packages/hcaptcha_challenger/agents/playwright/control.py"}, "function": "_parse_label", "level": {"icon": "üêû", "name": "DEBUG", "no": 10}, "line": 241, "message": "get task", "module": "control", "name": "hcaptcha_challenger.agents.playwright.control", "process": {"id": 3559, "name": "MainProcess"}, "thread": {"id": 140425080040320, "name": "MainThread"}, "time": {"repr": "2024-01-03 04:39:04.004386+08:00", "timestamp": 1704227944.004386}}}
{"text": "2024-01-03 04:39:04 | DEBUG    | hcaptcha_challenger.agents.playwright.control:_catch_all_binary_challenge:474 | handle task - {'unsupervised': 'binary', 'candidate_labels': ['This is a picture that looks like œÅlease click on all images of the heaviest animal species.', \"This is a picture that don't look like œÅlease click on all images of the heaviest animal species.\"], 'prompt': 'Œ°lease click on all —ñmages of the heav—ñest animal species', 'timit': '0.690s'}\n", "record": {"elapsed": {"repr": "0:02:30.632464", "seconds": 150.632464}, "exception": null, "extra": {"unsupervised": "binary", "candidate_labels": ["This is a picture that looks like œÅlease click on all images of the heaviest animal species.", "This is a picture that don't look like œÅlease click on all images of the heaviest animal species."], "prompt": "Œ°lease click on all —ñmages of the heav—ñest animal species", "timit": "0.690s"}, "file": {"name": "control.py", "path": "/opt/hostedtoolcache/Python/3.10.13/x64/lib/python3.10/site-packages/hcaptcha_challenger/agents/playwright/control.py"}, "function": "_catch_all_binary_challenge", "level": {"icon": "üêû", "name": "DEBUG", "no": 10}, "line": 474, "message": "handle task", "module": "control", "name": "hcaptcha_challenger.agents.playwright.control", "process": {"id": 3559, "name": "MainProcess"}, "thread": {"id": 140425080040320, "name": "MainThread"}, "time": {"repr": "2024-01-03 04:39:04.851644+08:00", "timestamp": 1704227944.851644}}}
{"text": "2024-01-03 04:39:14 | DEBUG    | epic_games.agent:insert_challenge:106 | task done - {'sattus': 'success'}\n", "record": {"elapsed": {"repr": "0:02:40.254773", "seconds": 160.254773}, "exception": null, "extra": {"sattus": "success"}, "file": {"name": "agent.py", "path": "/home/runner/work/epic/epic/epic/src/epic_games/agent.py"}, "function": "insert_challenge", "level": {"icon": "üêû", "name": "DEBUG", "no": 10}, "line": 106, "message": "task done", "module": "agent", "name": "epic_games.agent", "process": {"id": 3559, "name": "MainProcess"}, "thread": {"id": 140425080040320, "name": "MainThread"}, "time": {"repr": "2024-01-03 04:39:14.473953+08:00", "timestamp": 1704227954.473953}}}
{"text": "2024-01-03 04:39:46 | ERROR    | __main__:run:158 | An error has been caught in function 'run', process 'MainProcess' (3559), thread 'MainThread' (140425080040320): - {}\nTraceback (most recent call last):\n  File \"/home/runner/work/epic/epic/epic/src/claim.py\", line 151, in stash\n    await self.claim_epic_games(context)\n  File \"/home/runner/work/epic/epic/epic/src/claim.py\", line 122, in claim_epic_games\n    await epic.claim_weekly_games(page, single_promotions)\n  File \"/opt/hostedtoolcache/Python/3.10.13/x64/lib/python3.10/site-packages/tenacity/_asyncio.py\", line 88, in async_wrapped\n    return await fn(*args, **kwargs)\n  File \"/opt/hostedtoolcache/Python/3.10.13/x64/lib/python3.10/site-packages/tenacity/_asyncio.py\", line 47, in __call__\n    do = self.iter(retry_state=retry_state)\n  File \"/opt/hostedtoolcache/Python/3.10.13/x64/lib/python3.10/site-packages/tenacity/__init__.py\", line 325, in iter\n    raise retry_exc.reraise()\n  File \"/opt/hostedtoolcache/Python/3.10.13/x64/lib/python3.10/site-packages/tenacity/__init__.py\", line 158, in reraise\n    raise self.last_attempt.result()\n  File \"/opt/hostedtoolcache/Python/3.10.13/x64/lib/python3.10/concurrent/futures/_base.py\", line 451, in result\n    return self.__get_result()\n  File \"/opt/hostedtoolcache/Python/3.10.13/x64/lib/python3.10/concurrent/futures/_base.py\", line 403, in __get_result\n    raise self._exception\n  File \"/opt/hostedtoolcache/Python/3.10.13/x64/lib/python3.10/site-packages/tenacity/_asyncio.py\", line 50, in __call__\n    result = await fn(*args, **kwargs)\n  File \"/home/runner/work/epic/epic/epic/src/epic_games/agent.py\", line 338, in claim_weekly_games\n    await page.wait_for_url(recur_url)\n  File \"/opt/hostedtoolcache/Python/3.10.13/x64/lib/python3.10/site-packages/playwright/async_api/_generated.py\", line 9417, in wait_for_url\n    await self._impl_obj.wait_for_url(\n  File \"/opt/hostedtoolcache/Python/3.10.13/x64/lib/python3.10/site-packages/playwright/_impl/_page.py\", line 499, in wait_for_url\n    return await self._main_frame.wait_for_url(**locals_to_params(locals()))\n  File \"/opt/hostedtoolcache/Python/3.10.13/x64/lib/python3.10/site-packages/playwright/_impl/_frame.py\", line 227, in wait_for_url\n    async with self.expect_navigation(\n  File \"/opt/hostedtoolcache/Python/3.10.13/x64/lib/python3.10/site-packages/playwright/_impl/_event_context_manager.py\", line 33, in __aexit__\n    await self._future\n  File \"/opt/hostedtoolcache/Python/3.10.13/x64/lib/python3.10/site-packages/playwright/_impl/_frame.py\", line 202, in continuation\n    event = await waiter.result()\nplaywright._impl._errors.TimeoutError: Timeout 30000ms exceeded.\n=========================== logs ===========================\nwaiting for navigation to \"https://store.epicgames.com/en-US/cart/success\" until 'load'\n============================================================\n\nDuring handling of the above exception, another exception occurred:\n\nTraceback (most recent call last):\n  File \"/home/runner/work/epic/epic/epic/src/claim.py\", line 162, in <module>\n    asyncio.run(run())\n  File \"/opt/hostedtoolcache/Python/3.10.13/x64/lib/python3.10/asyncio/runners.py\", line 44, in run\n    return loop.run_until_complete(main)\n  File \"/opt/hostedtoolcache/Python/3.10.13/x64/lib/python3.10/asyncio/base_events.py\", line 636, in run_until_complete\n    self.run_forever()\n  File \"/opt/hostedtoolcache/Python/3.10.13/x64/lib/python3.10/asyncio/base_events.py\", line 603, in run_forever\n    self._run_once()\n  File \"/opt/hostedtoolcache/Python/3.10.13/x64/lib/python3.10/asyncio/base_events.py\", line 1909, in _run_once\n    handle._run()\n  File \"/opt/hostedtoolcache/Python/3.10.13/x64/lib/python3.10/asyncio/events.py\", line 80, in _run\n    self._context.run(self._callback, *self._args)\n> File \"/home/runner/work/epic/epic/epic/src/claim.py\", line 158, in run\n    await agent.stash()\n  File \"/home/runner/work/epic/epic/epic/src/claim.py\", line 139, in stash\n    async with async_playwright() as p:\n  File \"/opt/hostedtoolcache/Python/3.10.13/x64/lib/python3.10/site-packages/playwright/async_api/_context_manager.py\", line 58, in __aexit__\n    await self._connection.stop_async()\n  File \"/opt/hostedtoolcache/Python/3.10.13/x64/lib/python3.10/site-packages/playwright/_impl/_connection.py\", line 288, in stop_async\n    self.cleanup()\n  File \"/opt/hostedtoolcache/Python/3.10.13/x64/lib/python3.10/site-packages/playwright/_impl/_connection.py\", line 299, in cleanup\n    callback.future.set_exception(self._closed_error)\nasyncio.exceptions.InvalidStateError: invalid state\n", "record": {"elapsed": {"repr": "0:03:12.115691", "seconds": 192.115691}, "exception": {"type": "InvalidStateError", "value": "invalid state", "traceback": true}, "extra": {}, "file": {"name": "claim.py", "path": "/home/runner/work/epic/epic/epic/src/claim.py"}, "function": "run", "level": {"icon": "‚ùå", "name": "ERROR", "no": 40}, "line": 158, "message": "An error has been caught in function 'run', process 'MainProcess' (3559), thread 'MainThread' (140425080040320):", "module": "claim", "name": "__main__", "process": {"id": 3559, "name": "MainProcess"}, "thread": {"id": 140425080040320, "name": "MainThread"}, "time": {"repr": "2024-01-03 04:39:46.334871+08:00", "timestamp": 1704227986.334871}}}
